<?xml version="1.0" encoding="UTF-8"?>
<!-- Generated by org.testng.reporters.JUnitReportReporter -->
<testsuite name="script.verifyInvalidLogin" tests="1" time="8.289" ignored="0" failures="0" timestamp="26 Feb 2017 08:33:51 GMT" skipped="0" hostname="a" errors="0">
  <testcase name="testVerifyInvalidLogin" time="8.289" classname="script.verifyInvalidLogin"/>
</testsuite> <!-- script.verifyInvalidLogin -->
